Target 1: iqn.2010-10.org.openstack:volume-a84073ef-4544-43a3-92d2-aa54b34928be
    System information:
        Driver: iscsi
        State: ready
    I_T nexus information:
        I_T nexus: 29
            Initiator: iqn.1993-08.org.debian:01:6d2ac72df2f7 alias: compute1
            Connection: 0
                IP Address: 10.0.1.1
        I_T nexus: 30
            Initiator: iqn.1993-08.org.debian:01:3acabb2ec95b alias: compute2
            Connection: 0
                IP Address: 10.0.1.2
    LUN information:
        LUN: 0
            Type: controller
            SCSI ID: IET     00010000
            SCSI SN: beaf10
            Size: 0 MB, Block size: 1
            Online: Yes
            Removable media: No
            Prevent removal: No
            Readonly: No
            SWP: No
            Thin-provisioning: No
            Backing store type: null
            Backing store path: None
            Backing store flags:
        LUN: 1
            Type: disk
            SCSI ID: IET     00010001
            SCSI SN: beaf11
            Size: 5369 MB, Block size: 512
            Online: Yes
            Removable media: No
            Prevent removal: No
            Readonly: No
            SWP: No
            Thin-provisioning: No
            Backing store type: rdwr
            Backing store path: /dev/cinder-volumes/volume-a84073ef-4544-43a3-92d2-aa54b34928be
            Backing store flags:
    Account information:
    ACL information:
        ALL
